Start testing: Jul 24 05:47 BST
----------------------------------------------------------
1/1 Testing: roundtrip
1/1 Test: roundtrip
Command: "/home/bluet/Forest-OS/foreboots/tools/forb-customizer/build/tst_roundtrip"
Directory: /home/bluet/Forest-OS/foreboots/tools/forb-customizer/build
"roundtrip" start time: Jul 24 05:47 BST
Output:
----------------------------------------------------------
********* Start testing of TestRoundtrip *********
Config: Using QtTest library 6.11.1, Qt 6.11.1 (x86_64-little_endian-lp64 shared (dynamic) release build; by GCC 16.1.1 20260430), cachyos unknown
PASS   : TestRoundtrip::initTestCase()
PASS   : TestRoundtrip::roundtripSample()
PASS   : TestRoundtrip::limineTree()
PASS   : TestRoundtrip::optOmitsUnset()
PASS   : TestRoundtrip::cleanupTestCase()
Totals: 5 passed, 0 failed, 0 skipped, 0 blacklisted, 2ms
********* Finished testing of TestRoundtrip *********
<end of output>
Test time =   0.04 sec
----------------------------------------------------------
Test Passed.
"roundtrip" end time: Jul 24 05:47 BST
"roundtrip" time elapsed: 00:00:00
----------------------------------------------------------

End testing: Jul 24 05:47 BST
